0 info it worked if it ends with ok
1 verbose cli [ '/usr/local/bin/node',
1 verbose cli   '/usr/local/bin/npm',
1 verbose cli   'publish',
1 verbose cli   '--access=public' ]
2 info using npm@3.10.8
3 info using node@v6.9.1
4 verbose publish [ '.' ]
5 silly cache add args [ '.', null ]
6 verbose cache add spec .
7 silly cache add parsed spec Result {
7 silly cache add   raw: '.',
7 silly cache add   scope: null,
7 silly cache add   escapedName: null,
7 silly cache add   name: null,
7 silly cache add   rawSpec: '.',
7 silly cache add   spec: '/Users/dan/repos/ess/gphone',
7 silly cache add   type: 'directory' }
8 verbose addLocalDirectory /Users/dan/.npm/@esscorp/gphone/0.0.2/package.tgz not in flight; packing
9 verbose correctMkdir /Users/dan/.npm correctMkdir not in flight; initializing
10 info lifecycle @esscorp/gphone@0.0.2~prepublish: @esscorp/gphone@0.0.2
11 silly lifecycle @esscorp/gphone@0.0.2~prepublish: no script for prepublish, continuing
12 verbose tar pack [ '/Users/dan/.npm/@esscorp/gphone/0.0.2/package.tgz',
12 verbose tar pack   '/Users/dan/repos/ess/gphone' ]
13 verbose tarball /Users/dan/.npm/@esscorp/gphone/0.0.2/package.tgz
14 verbose folder /Users/dan/repos/ess/gphone
15 verbose addLocalTarball adding from inside cache /Users/dan/.npm/@esscorp/gphone/0.0.2/package.tgz
16 verbose correctMkdir /Users/dan/.npm correctMkdir not in flight; initializing
17 silly cache afterAdd @esscorp/gphone@0.0.2
18 verbose afterAdd /Users/dan/.npm/@esscorp/gphone/0.0.2/package/package.json not in flight; writing
19 verbose correctMkdir /Users/dan/.npm correctMkdir not in flight; initializing
20 verbose afterAdd /Users/dan/.npm/@esscorp/gphone/0.0.2/package/package.json written
21 silly publish { name: '@esscorp/gphone',
21 silly publish   version: '0.0.2',
21 silly publish   description: 'Node.js wrapper for google-libphonenumber. Exposes methods to format phone numbers and two view helpers to display phone numbers.',
21 silly publish   main: 'index.js',
21 silly publish   dependencies: { 'google-libphonenumber': '^2.0.6', handlebars: '^4.0.6' },
21 silly publish   devDependencies: {},
21 silly publish   scripts: { test: 'echo "Error: no test specified" && exit 1' },
21 silly publish   repository: { type: 'git', url: 'git+https://github.com/estrat/gphone.git' },
21 silly publish   keywords: [ 'google-libphonenumber' ],
21 silly publish   author: { name: 'Dan Hollenbeck' },
21 silly publish   license: 'MIT',
21 silly publish   bugs: { url: 'https://github.com/estrat/gphone/issues' },
21 silly publish   homepage: 'https://github.com/estrat/gphone#readme',
21 silly publish   readme: '# gphone\n',
21 silly publish   readmeFilename: 'README.md',
21 silly publish   gitHead: 'c67f7a30ce50bf5f67f162b2c17b0abec90097b1',
21 silly publish   _id: '@esscorp/gphone@0.0.2',
21 silly publish   _shasum: 'c0e7d1bbb47a6179f4938900568ddd46f82c5326',
21 silly publish   _from: '.' }
22 verbose getPublishConfig undefined
23 silly mapToRegistry name @esscorp/gphone
24 silly mapToRegistry scope (from package name) @esscorp
25 verbose mapToRegistry no registry URL found in name for scope @esscorp
26 silly mapToRegistry using default registry
27 silly mapToRegistry registry https://registry.npmjs.org/
28 silly mapToRegistry data Result {
28 silly mapToRegistry   raw: '@esscorp/gphone',
28 silly mapToRegistry   scope: '@esscorp',
28 silly mapToRegistry   escapedName: '@esscorp%2fgphone',
28 silly mapToRegistry   name: '@esscorp/gphone',
28 silly mapToRegistry   rawSpec: '',
28 silly mapToRegistry   spec: 'latest',
28 silly mapToRegistry   type: 'tag' }
29 silly mapToRegistry uri https://registry.npmjs.org/@esscorp%2fgphone
30 verbose publish registryBase https://registry.npmjs.org/
31 silly publish uploading /Users/dan/.npm/@esscorp/gphone/0.0.2/package.tgz
32 verbose request uri https://registry.npmjs.org/@esscorp%2fgphone
33 verbose request sending authorization for write operation
34 info attempt registry request try #1 at 1:05:10 PM
35 verbose request using bearer token for auth
36 verbose request id 5c4ca7ecd22f58d8
37 http request PUT https://registry.npmjs.org/@esscorp%2fgphone
38 http 403 https://registry.npmjs.org/@esscorp%2fgphone
39 verbose headers { 'content-type': 'application/json',
39 verbose headers   'cache-control': 'max-age=0',
39 verbose headers   'content-length': '128',
39 verbose headers   'accept-ranges': 'bytes',
39 verbose headers   date: 'Mon, 28 Nov 2016 19:05:12 GMT',
39 verbose headers   via: '1.1 varnish',
39 verbose headers   connection: 'keep-alive',
39 verbose headers   'x-served-by': 'cache-dfw1834-DFW',
39 verbose headers   'x-cache': 'MISS',
39 verbose headers   'x-cache-hits': '0',
39 verbose headers   'x-timer': 'S1480359910.306038,VS0,VE2128' }
40 verbose request invalidating /Users/dan/.npm/registry.npmjs.org/_40esscorp_252fgphone on PUT
41 error publish Failed PUT 403
42 verbose stack Error: "You cannot publish over the previously published version 0.0.2. Try bumping the version to 1.0.0" : @esscorp/gphone
42 verbose stack     at makeError (/usr/local/lib/node_modules/npm/node_modules/npm-registry-client/lib/request.js:302:12)
42 verbose stack     at CachingRegistryClient.<anonymous> (/usr/local/lib/node_modules/npm/node_modules/npm-registry-client/lib/request.js:290:14)
42 verbose stack     at Request._callback (/usr/local/lib/node_modules/npm/node_modules/npm-registry-client/lib/request.js:210:14)
42 verbose stack     at Request.self.callback (/usr/local/lib/node_modules/npm/node_modules/request/request.js:187:22)
42 verbose stack     at emitTwo (events.js:106:13)
42 verbose stack     at Request.emit (events.js:191:7)
42 verbose stack     at Request.<anonymous> (/usr/local/lib/node_modules/npm/node_modules/request/request.js:1044:10)
42 verbose stack     at emitOne (events.js:96:13)
42 verbose stack     at Request.emit (events.js:188:7)
42 verbose stack     at IncomingMessage.<anonymous> (/usr/local/lib/node_modules/npm/node_modules/request/request.js:965:12)
43 verbose statusCode 403
44 verbose pkgid @esscorp/gphone
45 verbose cwd /Users/dan/repos/ess/gphone
46 error Darwin 16.1.0
47 error argv "/usr/local/bin/node" "/usr/local/bin/npm" "publish" "--access=public"
48 error node v6.9.1
49 error npm  v3.10.8
50 error code E403
51 error "You cannot publish over the previously published version 0.0.2. Try bumping the version to 1.0.0" : @esscorp/gphone
52 error If you need help, you may report this error at:
52 error     <https://github.com/npm/npm/issues>
53 verbose exit [ 1, true ]
